Arguments: 
  C:\Program Files\nodejs\node.exe C:\Program Files (x86)\Yarn\bin\yarn.js add bodyparser

PATH: 
  C:\Program Files (x86)\NVIDIA Corporation\PhysX\Common;C:\Program Files (x86)\Common Files\Intel\Shared Libraries\redist\intel64\compiler;C:\Python39\Scripts\;C:\Python39\;C:\Program Files (x86)\Common Files\Oracle\Java\javapath;C:\Windows\system32;C:\Windows;C:\Windows\System32\Wbem;C:\Windows\System32\WindowsPowerShell\v1.0\;C:\Windows\System32\OpenSSH\;C:\Program Files\Git\cmd;C:\Program Files\nodejs\;C:\ProgramData\chocolatey\bin;C:\Program Files (x86)\Yarn\bin\;G:\Android\platform-tools;;C:\Program Files\PuTTY\;C:\Program Files\Docker\Docker\resources\bin;C:\ProgramData\DockerDesktop\version-bin;C:\Users\CERF\AppData\Local\Programs\Python\Python38\Scripts\;C:\Users\CERF\AppData\Local\Programs\Python\Python38\;C:\Users\CERF\AppData\Local\Microsoft\WindowsApps;C:\Development\flutter\bin;C:\Program Files\Java\jdk1.8.0_271\bin;C:\Program Files\Java\jre1.8.0_271\bin;C:\Users\CERF\AppData\Roaming\npm;C:\Users\CERF\AppData\Local\Yarn\bin;C:\ProgramData\chocolatey\extensions\64bit;C:\Users\CERF\AppData\Local\Programs\Microsoft VS Code\bin;C:\Program Files\MySQL\MySQL Server 8.0\bin;C:\Users\CERF\AppData\Local\GitHubDesktop\bin;C:\Program Files\heroku\bin;C:\xampp\php;C:\Program Files (x86)\Nmap;C:\Program Files\MongoDB\Server\4.4\bin;C:\Program Files\PostgreSQL\13\bin;C:\ngrok;C:\Program Files\OpenSSL-Win64\bin;

Yarn version: 
  1.22.5

Node version: 
  14.15.3

Platform: 
  win32 x64

Trace: 
  Error: https://registry.yarnpkg.com/bodyparser: Not found
      at Request.params.callback [as _callback] (C:\Program Files (x86)\Yarn\lib\cli.js:66097:18)
      at Request.self.callback (C:\Program Files (x86)\Yarn\lib\cli.js:140749:22)
      at Request.emit (events.js:315:20)
      at Request.<anonymous> (C:\Program Files (x86)\Yarn\lib\cli.js:141721:10)
      at Request.emit (events.js:315:20)
      at IncomingMessage.<anonymous> (C:\Program Files (x86)\Yarn\lib\cli.js:141643:12)
      at Object.onceWrapper (events.js:421:28)
      at IncomingMessage.emit (events.js:327:22)
      at endReadableNT (internal/streams/readable.js:1327:12)
      at processTicksAndRejections (internal/process/task_queues.js:80:21)

npm manifest: 
  {
    "name": "ecommerce-si",
    "version": "1.0.0",
    "main": "index.js",
    "repository": "https://github.com/almakad/ecommerce-si.git",
    "author": "Carlos Rodrigues, Felipe, Felipe, Felipe",
    "license": "GPL-3.0",
    "scripts": {
      "dev:backend": "cd ./backend && yarn dev"
    }
  }

yarn manifest: 
  No manifest

Lockfile: 
  No lockfile
